cbm_hbi_hbi                                       06-Aug-2021 11:21:54
Running hierarchical bayesian inference (HBI)...

HBI has been initialized according to
	lap_BFS4.mat [for model 1]
	lap_BFS5_FavBiasO.mat [for model 2]
	lap_BFS4_Subjignore.mat [for model 3]
	lap_BFS2.mat [for model 4]
	lap_BFS6_null.mat [for model 5]
	lap_BFshrink.mat [for model 6]
	lap_BFSzeta.mat [for model 7]
	lap_BF6_ActionCong.mat [for model 8]
	lap_BF6_ChoiceCong.mat [for model 9]
	lap_BFS5_Epsilon.mat [for model 10]
	lap_RWFS4.mat [for model 11]
	lap_RWFS6_3lrc.mat [for model 12]
	lap_RWFS5_congIncong.mat [for model 13]
	lap_RWFS5_updown.mat [for model 14]
 
Number of samples: 100
Number of models: 14
======================================================================
Iteration 01
Iteration 02
	model frequencies (percent)
	model 1: 16.9| model 2: 16.2| model 3: 6.6| model 4: 8.0| model 5: 10.7| model 6: 3.0| model 7: 11.6| model 8: 10.1| model 9: 6.0| model 10: 10.9| model 11: 0.0| model 12: 0.0| model 13: 0.0| model 14: 0.0| 
                                                           dL:  438.92
                                                           dm:  680.09
                                                           dx:    0.45
Iteration 03
	model frequencies (percent)
	model 1: 24.8| model 2: 21.6| model 3: 6.6| model 4: 8.5| model 5: 8.2| model 6: 0.4| model 7: 10.5| model 8: 8.3| model 9: 2.1| model 10: 9.0| model 11: 0.0| model 12: 0.0| model 13: 0.0| model 14: 0.0| 
                                                           dL:   44.80
                                                           dm:    7.89
                                                           dx:    0.54
Iteration 04
	model frequencies (percent)
	model 1: 32.9| model 2: 26.1| model 3: 7.0| model 4: 8.8| model 5: 5.5| model 6: 0.0| model 7: 7.8| model 8: 5.6| model 9: 0.2| model 10: 6.0| model 11: 0.0| model 12: 0.0| model 13: 0.0| model 14: 0.0| 
                                                           dL:   40.06
                                                           dm:    8.11
                                                           dx:    0.17
Iteration 05
	model frequencies (percent)
	model 1: 40.7| model 2: 29.6| model 3: 7.6| model 4: 8.9| model 5: 3.0| model 6: 0.0| model 7: 4.5| model 8: 2.8| model 9: 0.0| model 10: 2.9| model 11: 0.0| model 12: 0.0| model 13: 0.0| model 14: 0.0| 
                                                           dL:   33.45
                                                           dm:    7.81
                                                           dx:    0.21
Iteration 06
	model frequencies (percent)
	model 1: 47.3| model 2: 31.8| model 3: 7.9| model 4: 8.8| model 5: 0.8| model 6: 0.0| model 7: 1.8| model 8: 0.7| model 9: 0.0| model 10: 0.8| model 11: 0.0| model 12: 0.0| model 13: 0.0| model 14: 0.0| 
                                                           dL:   29.28
                                                           dm:    6.59
                                                           dx:    0.22
Iteration 07
	model frequencies (percent)
	model 1: 51.0| model 2: 31.8| model 3: 8.2| model 4: 8.5| model 5: 0.0| model 6: 0.0| model 7: 0.4| model 8: 0.0| model 9: 0.0| model 10: 0.0| model 11: 0.0| model 12: 0.0| model 13: 0.0| model 14: 0.0| 
                                                           dL:   32.60
                                                           dm:    3.71
                                                           dx:    0.29
Iteration 08
	model frequencies (percent)
	model 1: 52.9| model 2: 30.6| model 3: 8.3| model 4: 8.2| model 5: 0.0| model 6: 0.0| model 7: 0.0| model 8: 0.0| model 9: 0.0| model 10: 0.0| model 11: 0.0| model 12: 0.0| model 13: 0.0| model 14: 0.0| 
                                                           dL:   14.82
                                                           dm:    1.87
                                                           dx:    0.31
Iteration 09
	model frequencies (percent)
	model 1: 54.5| model 2: 29.2| model 3: 8.4| model 4: 7.9| model 5: 0.0| model 6: 0.0| model 7: 0.0| model 8: 0.0| model 9: 0.0| model 10: 0.0| model 11: 0.0| model 12: 0.0| model 13: 0.0| model 14: 0.0| 
                                                           dL:    2.15
                                                           dm:    1.61
                                                           dx:    0.21
Iteration 10
	model frequencies (percent)
	model 1: 56.2| model 2: 27.7| model 3: 8.6| model 4: 7.6| model 5: 0.0| model 6: 0.0| model 7: 0.0| model 8: 0.0| model 9: 0.0| model 10: 0.0| model 11: 0.0| model 12: 0.0| model 13: 0.0| model 14: 0.0| 
                                                           dL:    0.79
                                                           dm:    1.66
                                                           dx:    0.02
Iteration 11
	model frequencies (percent)
	model 1: 57.9| model 2: 26.0| model 3: 8.6| model 4: 7.4| model 5: 0.0| model 6: 0.0| model 7: 0.0| model 8: 0.0| model 9: 0.0| model 10: 0.0| model 11: 0.0| model 12: 0.0| model 13: 0.0| model 14: 0.0| 
                                                           dL:    0.69
                                                           dm:    1.78
                                                           dx:    0.01
Iteration 12
	model frequencies (percent)
	model 1: 59.9| model 2: 24.2| model 3: 8.7| model 4: 7.2| model 5: 0.0| model 6: 0.0| model 7: 0.0| model 8: 0.0| model 9: 0.0| model 10: 0.0| model 11: 0.0| model 12: 0.0| model 13: 0.0| model 14: 0.0| 
                                                           dL:    0.68
                                                           dm:    1.94
                                                           dx:    0.01
Iteration 13
	model frequencies (percent)
	model 1: 62.0| model 2: 22.2| model 3: 8.7| model 4: 7.0| model 5: 0.0| model 6: 0.0| model 7: 0.0| model 8: 0.0| model 9: 0.0| model 10: 0.0| model 11: 0.0| model 12: 0.0| model 13: 0.0| model 14: 0.0| 
                                                           dL:    0.75
                                                           dm:    2.14
                                                           dx:    0.01
Iteration 14
	model frequencies (percent)
	model 1: 64.4| model 2: 20.0| model 3: 8.7| model 4: 6.9| model 5: 0.0| model 6: 0.0| model 7: 0.0| model 8: 0.0| model 9: 0.0| model 10: 0.0| model 11: 0.0| model 12: 0.0| model 13: 0.0| model 14: 0.0| 
                                                           dL:    0.90
                                                           dm:    2.38
                                                           dx:    0.01
Iteration 15
	model frequencies (percent)
	model 1: 67.1| model 2: 17.5| model 3: 8.7| model 4: 6.7| model 5: 0.0| model 6: 0.0| model 7: 0.0| model 8: 0.0| model 9: 0.0| model 10: 0.0| model 11: 0.0| model 12: 0.0| model 13: 0.0| model 14: 0.0| 
                                                           dL:    1.14
                                                           dm:    2.65
                                                           dx:    0.02
Iteration 16
	model frequencies (percent)
	model 1: 70.0| model 2: 14.7| model 3: 8.7| model 4: 6.6| model 5: 0.0| model 6: 0.0| model 7: 0.0| model 8: 0.0| model 9: 0.0| model 10: 0.0| model 11: 0.0| model 12: 0.0| model 13: 0.0| model 14: 0.0| 
                                                           dL:    1.51
                                                           dm:    2.92
                                                           dx:    0.02
Iteration 17
	model frequencies (percent)
	model 1: 73.1| model 2: 11.7| model 3: 8.7| model 4: 6.5| model 5: 0.0| model 6: 0.0| model 7: 0.0| model 8: 0.0| model 9: 0.0| model 10: 0.0| model 11: 0.0| model 12: 0.0| model 13: 0.0| model 14: 0.0| 
                                                           dL:    2.03
                                                           dm:    3.15
                                                           dx:    0.03
Iteration 18
	model frequencies (percent)
	model 1: 76.4| model 2: 8.5| model 3: 8.7| model 4: 6.4| model 5: 0.0| model 6: 0.0| model 7: 0.0| model 8: 0.0| model 9: 0.0| model 10: 0.0| model 11: 0.0| model 12: 0.0| model 13: 0.0| model 14: 0.0| 
                                                           dL:    2.70
                                                           dm:    3.28
                                                           dx:    0.04
Iteration 19
	model frequencies (percent)
	model 1: 79.6| model 2: 5.5| model 3: 8.7| model 4: 6.2| model 5: 0.0| model 6: 0.0| model 7: 0.0| model 8: 0.0| model 9: 0.0| model 10: 0.0| model 11: 0.0| model 12: 0.0| model 13: 0.0| model 14: 0.0| 
                                                           dL:    3.49
                                                           dm:    3.16
                                                           dx:    0.05
Iteration 20
	model frequencies (percent)
	model 1: 82.2| model 2: 3.0| model 3: 8.7| model 4: 6.1| model 5: 0.0| model 6: 0.0| model 7: 0.0| model 8: 0.0| model 9: 0.0| model 10: 0.0| model 11: 0.0| model 12: 0.0| model 13: 0.0| model 14: 0.0| 
                                                           dL:    4.11
                                                           dm:    2.62
                                                           dx:    0.07
Iteration 21
	model frequencies (percent)
	model 1: 83.8| model 2: 1.5| model 3: 8.7| model 4: 6.0| model 5: 0.0| model 6: 0.0| model 7: 0.0| model 8: 0.0| model 9: 0.0| model 10: 0.0| model 11: 0.0| model 12: 0.0| model 13: 0.0| model 14: 0.0| 
                                                           dL:    4.01
                                                           dm:    1.66
                                                           dx:    0.09
Iteration 22
	model frequencies (percent)
	model 1: 84.6| model 2: 0.8| model 3: 8.8| model 4: 5.9| model 5: 0.0| model 6: 0.0| model 7: 0.0| model 8: 0.0| model 9: 0.0| model 10: 0.0| model 11: 0.0| model 12: 0.0| model 13: 0.0| model 14: 0.0| 
                                                           dL:    3.18
                                                           dm:    0.79
                                                           dx:    0.13
Iteration 23
	model frequencies (percent)
	model 1: 85.1| model 2: 0.5| model 3: 8.8| model 4: 5.7| model 5: 0.0| model 6: 0.0| model 7: 0.0| model 8: 0.0| model 9: 0.0| model 10: 0.0| model 11: 0.0| model 12: 0.0| model 13: 0.0| model 14: 0.0| 
                                                           dL:    2.28
                                                           dm:    0.47
                                                           dx:    0.18
Iteration 24
	model frequencies (percent)
	model 1: 85.6| model 2: 0.2| model 3: 8.7| model 4: 5.5| model 5: 0.0| model 6: 0.0| model 7: 0.0| model 8: 0.0| model 9: 0.0| model 10: 0.0| model 11: 0.0| model 12: 0.0| model 13: 0.0| model 14: 0.0| 
                                                           dL:    1.93
                                                           dm:    0.48
                                                           dx:    0.07
Iteration 25
	model frequencies (percent)
	model 1: 86.0| model 2: 0.0| model 3: 8.7| model 4: 5.3| model 5: 0.0| model 6: 0.0| model 7: 0.0| model 8: 0.0| model 9: 0.0| model 10: 0.0| model 11: 0.0| model 12: 0.0| model 13: 0.0| model 14: 0.0| 
                                                           dL:    1.65
                                                           dm:    0.40
                                                           dx:    0.07
Iteration 26
	model frequencies (percent)
	model 1: 86.2| model 2: 0.0| model 3: 8.7| model 4: 5.1| model 5: 0.0| model 6: 0.0| model 7: 0.0| model 8: 0.0| model 9: 0.0| model 10: 0.0| model 11: 0.0| model 12: 0.0| model 13: 0.0| model 14: 0.0| 
                                                           dL:    0.83
                                                           dm:    0.26
                                                           dx:    0.30
Iteration 27
	model frequencies (percent)
	model 1: 86.5| model 2: 0.0| model 3: 8.7| model 4: 4.9| model 5: 0.0| model 6: 0.0| model 7: 0.0| model 8: 0.0| model 9: 0.0| model 10: 0.0| model 11: 0.0| model 12: 0.0| model 13: 0.0| model 14: 0.0| 
                                                           dL:    0.02
                                                           dm:    0.21
                                                           dx:    0.03
Iteration 28
	model frequencies (percent)
	model 1: 86.6| model 2: 0.0| model 3: 8.7| model 4: 4.7| model 5: 0.0| model 6: 0.0| model 7: 0.0| model 8: 0.0| model 9: 0.0| model 10: 0.0| model 11: 0.0| model 12: 0.0| model 13: 0.0| model 14: 0.0| 
                                                           dL:   -0.01
                                                           dm:    0.18
                                                           dx:    0.01
                                                          Converged :]
